<?xml version="1.0" encoding="UTF-8"?>
<!-- Generated by org.testng.reporters.JUnitReportReporter -->
<testsuite skipped="0" hostname="LAPTOP-CSJIOOPH" name="basics.LaunchBrowser" tests="1" failures="0" timestamp="2022-02-03T11:09:19 IST" time="7.624" errors="0">
  <testcase name="launchZomato" time="7.624" classname="basics.LaunchBrowser"/>
  <system-out/>
</testsuite> <!-- basics.LaunchBrowser -->
